# JRE version: Java(TM) SE Runtime Environment (7.0_75-b13) (build 1.7.0_75-b13)
# Java VM: Java HotSpot(TM) 64-Bit Server VM (24.75-b04 mixed mode bsd-amd64 compressed oops)
Heap
 PSYoungGen      total 250368K, used 250293K [0x00000007eaa80000, 0x00000007fec00000, 0x0000000800000000)
  eden space 225792K, 100% used [0x00000007eaa80000,0x00000007f8700000,0x00000007f8700000)
  from space 24576K, 99% used [0x00000007fd400000,0x00000007febed788,0x00000007fec00000)
  to   space 44544K, 67% used [0x00000007f9500000,0x00000007fb24fe48,0x00000007fc080000)
 ParOldGen       total 157184K, used 98509K [0x00000007c0000000, 0x00000007c9980000, 0x00000007eaa80000)
  object space 157184K, 62% used [0x00000007c0000000,0x00000007c60336a0,0x00000007c9980000)
 PSPermGen       total 127488K, used 89368K [0x00000007b0000000, 0x00000007b7c80000, 0x00000007c0000000)
  object space 127488K, 70% used [0x00000007b0000000,0x00000007b5746158,0x00000007b7c80000)
GC Heap History (10 events):
Event: 393.089 GC heap after
Heap after GC invocations=14 (full 2):
 PSYoungGen      total 270848K, used 30115K [0x00000007eaa80000, 0x00000007fe700000, 0x0000000800000000)
  eden space 235008K, 0% used [0x00000007eaa80000,0x00000007eaa80000,0x00000007f9000000)
  from space 35840K, 84% used [0x00000007fc400000,0x00000007fe168c18,0x00000007fe700000)
  to   space 44544K, 0% used [0x00000007f9000000,0x00000007f9000000,0x00000007fbb80000)
 ParOldGen       total 87040K, used 83666K [0x00000007c0000000, 0x00000007c5500000, 0x00000007eaa80000)
  object space 87040K, 96% used [0x00000007c0000000,0x00000007c51b4818,0x00000007c5500000)
 PSPermGen       total 111616K, used 75433K [0x00000007b0000000, 0x00000007b6d00000, 0x00000007c0000000)
  object space 111616K, 67% used [0x00000007b0000000,0x00000007b49aa5a0,0x00000007b6d00000)
}
Event: 393.089 GC heap before
{Heap before GC invocations=15 (full 3):
 PSYoungGen      total 270848K, used 30115K [0x00000007eaa80000, 0x00000007fe700000, 0x0000000800000000)
  eden space 235008K, 0% used [0x00000007eaa80000,0x00000007eaa80000,0x00000007f9000000)
  from space 35840K, 84% used [0x00000007fc400000,0x00000007fe168c18,0x00000007fe700000)
  to   space 44544K, 0% used [0x00000007f9000000,0x00000007f9000000,0x00000007fbb80000)
 ParOldGen       total 87040K, used 83666K [0x00000007c0000000, 0x00000007c5500000, 0x00000007eaa80000)
  object space 87040K, 96% used [0x00000007c0000000,0x00000007c51b4818,0x00000007c5500000)
 PSPermGen       total 111616K, used 75433K [0x00000007b0000000, 0x00000007b6d00000, 0x00000007c0000000)
  object space 111616K, 67% used [0x00000007b0000000,0x00000007b49aa5a0,0x00000007b6d00000)
Event: 393.906 GC heap after
Heap after GC invocations=15 (full 3):
 PSYoungGen      total 270848K, used 24370K [0x00000007eaa80000, 0x00000007fe700000, 0x0000000800000000)
  eden space 235008K, 0% used [0x00000007eaa80000,0x00000007eaa80000,0x00000007f9000000)
  from space 35840K, 67% used [0x00000007fc400000,0x00000007fdbcc8b0,0x00000007fe700000)
  to   space 44544K, 0% used [0x00000007f9000000,0x00000007f9000000,0x00000007fbb80000)
 ParOldGen       total 157184K, used 86894K [0x00000007c0000000, 0x00000007c9980000, 0x00000007eaa80000)
  object space 157184K, 55% used [0x00000007c0000000,0x00000007c54dbbc0,0x00000007c9980000)
 PSPermGen       total 124928K, used 75389K [0x00000007b0000000, 0x00000007b7a00000, 0x00000007c0000000)
  object space 124928K, 60% used [0x00000007b0000000,0x00000007b499f5d0,0x00000007b7a00000)
}
Event: 396.807 GC heap before
{Heap before GC invocations=16 (full 3):
 PSYoungGen      total 270848K, used 64978K [0x00000007eaa80000, 0x00000007fe700000, 0x0000000800000000)
  eden space 235008K, 17% used [0x00000007eaa80000,0x00000007ed228050,0x00000007f9000000)
  from space 35840K, 67% used [0x00000007fc400000,0x00000007fdbcc8b0,0x00000007fe700000)
  to   space 44544K, 0% used [0x00000007f9000000,0x00000007f9000000,0x00000007fbb80000)
 ParOldGen       total 157184K, used 86894K [0x00000007c0000000, 0x00000007c9980000, 0x00000007eaa80000)
  object space 157184K, 55% used [0x00000007c0000000,0x00000007c54dbbc0,0x00000007c9980000)
 PSPermGen       total 124928K, used 76290K [0x00000007b0000000, 0x00000007b7a00000, 0x00000007c0000000)
  object space 124928K, 61% used [0x00000007b0000000,0x00000007b4a80908,0x00000007b7a00000)
Event: 396.862 GC heap after
Heap after GC invocations=16 (full 3):
 PSYoungGen      total 279552K, used 2858K [0x00000007eaa80000, 0x0000000800000000, 0x0000000800000000)
  eden space 235008K, 0% used [0x00000007eaa80000,0x00000007eaa80000,0x00000007f9000000)
  from space 44544K, 6% used [0x00000007f9000000,0x00000007f92caa80,0x00000007fbb80000)
  to   space 45056K, 0% used [0x00000007fd400000,0x00000007fd400000,0x0000000800000000)
 ParOldGen       total 157184K, used 96694K [0x00000007c0000000, 0x00000007c9980000, 0x00000007eaa80000)
  object space 157184K, 61% used [0x00000007c0000000,0x00000007c5e6d840,0x00000007c9980000)
 PSPermGen       total 124928K, used 76290K [0x00000007b0000000, 0x00000007b7a00000, 0x00000007c0000000)
  object space 124928K, 61% used [0x00000007b0000000,0x00000007b4a80908,0x00000007b7a00000)
}
Event: 396.863 GC heap before
{Heap before GC invocations=17 (full 4):
 PSYoungGen      total 279552K, used 2858K [0x00000007eaa80000, 0x0000000800000000, 0x0000000800000000)
  eden space 235008K, 0% used [0x00000007eaa80000,0x00000007eaa80000,0x00000007f9000000)
  from space 44544K, 6% used [0x00000007f9000000,0x00000007f92caa80,0x00000007fbb80000)
  to   space 45056K, 0% used [0x00000007fd400000,0x00000007fd400000,0x0000000800000000)
 ParOldGen       total 157184K, used 96694K [0x00000007c0000000, 0x00000007c9980000, 0x00000007eaa80000)
  object space 157184K, 61% used [0x00000007c0000000,0x00000007c5e6d840,0x00000007c9980000)
 PSPermGen       total 124928K, used 76290K [0x00000007b0000000, 0x00000007b7a00000, 0x00000007c0000000)
  object space 124928K, 61% used [0x00000007b0000000,0x00000007b4a80908,0x00000007b7a00000)
Event: 397.428 GC heap after
Heap after GC invocations=17 (full 4):
 PSYoungGen      total 279552K, used 0K [0x00000007eaa80000, 0x0000000800000000, 0x0000000800000000)
  eden space 235008K, 0% used [0x00000007eaa80000,0x00000007eaa80000,0x00000007f9000000)
  from space 44544K, 0% used [0x00000007f9000000,0x00000007f9000000,0x00000007fbb80000)
  to   space 45056K, 0% used [0x00000007fd400000,0x00000007fd400000,0x0000000800000000)
 ParOldGen       total 157184K, used 98509K [0x00000007c0000000, 0x00000007c9980000, 0x00000007eaa80000)
  object space 157184K, 62% used [0x00000007c0000000,0x00000007c60336a0,0x00000007c9980000)
 PSPermGen       total 127488K, used 76255K [0x00000007b0000000, 0x00000007b7c80000, 0x00000007c0000000)
  object space 127488K, 59% used [0x00000007b0000000,0x00000007b4a77c20,0x00000007b7c80000)
}
Event: 412.605 GC heap before
{Heap before GC invocations=18 (full 4):
 PSYoungGen      total 279552K, used 235008K [0x00000007eaa80000, 0x0000000800000000, 0x0000000800000000)
  eden space 235008K, 100% used [0x00000007eaa80000,0x00000007f9000000,0x00000007f9000000)
  from space 44544K, 0% used [0x00000007f9000000,0x00000007f9000000,0x00000007fbb80000)
  to   space 45056K, 0% used [0x00000007fd400000,0x00000007fd400000,0x0000000800000000)
 ParOldGen       total 157184K, used 98509K [0x00000007c0000000, 0x00000007c9980000, 0x00000007eaa80000)
  object space 157184K, 62% used [0x00000007c0000000,0x00000007c60336a0,0x00000007c9980000)
 PSPermGen       total 127488K, used 83480K [0x00000007b0000000, 0x00000007b7c80000, 0x00000007c0000000)
  object space 127488K, 65% used [0x00000007b0000000,0x00000007b51862d8,0x00000007b7c80000)
Event: 412.631 GC heap after
Heap after GC invocations=18 (full 4):
 PSYoungGen      total 250368K, used 24501K [0x00000007eaa80000, 0x00000007fec00000, 0x0000000800000000)
  eden space 225792K, 0% used [0x00000007eaa80000,0x00000007eaa80000,0x00000007f8700000)
  from space 24576K, 99% used [0x00000007fd400000,0x00000007febed788,0x00000007fec00000)
  to   space 44544K, 0% used [0x00000007f9500000,0x00000007f9500000,0x00000007fc080000)
 ParOldGen       total 157184K, used 98509K [0x00000007c0000000, 0x00000007c9980000, 0x00000007eaa80000)
  object space 157184K, 62% used [0x00000007c0000000,0x00000007c60336a0,0x00000007c9980000)
 PSPermGen       total 127488K, used 83480K [0x00000007b0000000, 0x00000007b7c80000, 0x00000007c0000000)
  object space 127488K, 65% used [0x00000007b0000000,0x00000007b51862d8,0x00000007b7c80000)
}
Event: 2755.167 GC heap before
{Heap before GC invocations=19 (full 4):
 PSYoungGen      total 250368K, used 250293K [0x00000007eaa80000, 0x00000007fec00000, 0x0000000800000000)
  eden space 225792K, 100% used [0x00000007eaa80000,0x00000007f8700000,0x00000007f8700000)
  from space 24576K, 99% used [0x00000007fd400000,0x00000007febed788,0x00000007fec00000)
  to   space 44544K, 0% used [0x00000007f9500000,0x00000007f9500000,0x00000007fc080000)
 ParOldGen       total 157184K, used 98509K [0x00000007c0000000, 0x00000007c9980000, 0x00000007eaa80000)
  object space 157184K, 62% used [0x00000007c0000000,0x00000007c60336a0,0x00000007c9980000)
 PSPermGen       total 127488K, used 89368K [0x00000007b0000000, 0x00000007b7c80000, 0x00000007c0000000)
  object space 127488K, 70% used [0x00000007b0000000,0x00000007b5746158,0x00000007b7c80000)

